112.11.29 11:08 B C:\wamp\www\Noonmati Club\img\arrow-next.png --> webcomipl.net /Noonmaticlub1/img arrow-next.png
112.11.29 11:08 B C:\wamp\www\Noonmati Club\img\arrow-next1.png --> webcomipl.net /Noonmaticlub1/img arrow-next1.png
112.11.29 11:08 B C:\wamp\www\Noonmati Club\img\arrow-next3.png --> webcomipl.net /Noonmaticlub1/img arrow-next3.png
112.11.29 11:08 B C:\wamp\www\Noonmati Club\img\arrow-prev.png --> webcomipl.net /Noonmaticlub1/img arrow-prev.png
112.11.29 11:08 B C:\wamp\www\Noonmati Club\img\background.png --> webcomipl.net /Noonmaticlub1/img background.png
112.11.29 11:11 B C:\wamp\www\Noonmati Club\img\banner.png --> webcomipl.net /Noonmaticlub1/img banner.png
112.11.29 11:14 B C:\wamp\www\Noonmati Club\img\banner2.png --> webcomipl.net /Noonmaticlub1/img banner2.png
112.11.29 11:16 B C:\wamp\www\Noonmati Club\img\banner3.png --> webcomipl.net /Noonmaticlub1/img banner3.png
112.11.29 11:17 B C:\wamp\www\Noonmati Club\img\example-frame.png --> webcomipl.net /Noonmaticlub1/img example-frame.png
112.11.29 11:17 B C:\wamp\www\Noonmati Club\img\loading.gif --> webcomipl.net /Noonmaticlub1/img loading.gif
112.11.29 11:17 B C:\wamp\www\Noonmati Club\img\new-ribbon.png --> webcomipl.net /Noonmaticlub1/img new-ribbon.png
112.11.29 11:17 B C:\wamp\www\Noonmati Club\img\pagination.png --> webcomipl.net /Noonmaticlub1/img pagination.png
112.11.29 11:17 B C:\wamp\www\Noonmati Club\img\slide-1.jpg --> webcomipl.net /Noonmaticlub1/img slide-1.jpg
112.11.29 11:17 B C:\wamp\www\Noonmati Club\img\slide-2.jpg --> webcomipl.net /Noonmaticlub1/img slide-2.jpg
112.11.29 11:18 B C:\wamp\www\Noonmati Club\img\slide-3.jpg --> webcomipl.net /Noonmaticlub1/img slide-3.jpg
112.11.29 11:18 B C:\wamp\www\Noonmati Club\img\slide-4.jpg --> webcomipl.net /Noonmaticlub1/img slide-4.jpg
112.11.29 11:19 B C:\wamp\www\Noonmati Club\img\slide-5.jpg --> webcomipl.net /Noonmaticlub1/img slide-5.jpg
112.11.29 11:19 B C:\wamp\www\Noonmati Club\img\slide-6.jpg --> webcomipl.net /Noonmaticlub1/img slide-6.jpg
112.11.29 11:19 B C:\wamp\www\Noonmati Club\img\slide-7.jpg --> webcomipl.net /Noonmaticlub1/img slide-7.jpg
112.11.29 11:19 B C:\wamp\www\Noonmati Club\img\slide.jpg --> webcomipl.net /Noonmaticlub1/img slide.jpg
112.11.29 11:20 B C:\wamp\www\Noonmati Club\img\Thumbs.db --> webcomipl.net /Noonmaticlub1/img Thumbs.db
