112.08.03 17:20 B E:\santonu Website\pazma\last\images\1..jpg --> ftp.webcomipl.net /demo/plazma/images 1..jpg
112.08.03 17:20 B E:\santonu Website\pazma\last\images\2.jpg --> ftp.webcomipl.net /demo/plazma/images 2.jpg
112.08.03 17:20 B E:\santonu Website\pazma\last\images\about_banner.jpg --> ftp.webcomipl.net /demo/plazma/images about_banner.jpg
112.08.03 17:20 B E:\santonu Website\pazma\last\images\copyright.jpg --> ftp.webcomipl.net /demo/plazma/images copyright.jpg
112.08.03 17:20 B E:\santonu Website\pazma\last\images\dot.jpg --> ftp.webcomipl.net /demo/plazma/images dot.jpg
112.08.03 17:20 B E:\santonu Website\pazma\last\images\dot1.jpg --> ftp.webcomipl.net /demo/plazma/images dot1.jpg
112.08.03 17:20 B E:\santonu Website\pazma\last\images\dot2.jpg --> ftp.webcomipl.net /demo/plazma/images dot2.jpg
112.08.03 17:21 B E:\santonu Website\pazma\last\images\lib.jpg --> ftp.webcomipl.net /demo/plazma/images lib.jpg
112.08.03 17:21 B E:\santonu Website\pazma\last\images\line.jpg --> ftp.webcomipl.net /demo/plazma/images line.jpg
112.08.03 17:21 B E:\santonu Website\pazma\last\images\link.jpg --> ftp.webcomipl.net /demo/plazma/images link.jpg
112.08.03 17:21 B E:\santonu Website\pazma\last\images\main.jpg --> ftp.webcomipl.net /demo/plazma/images main.jpg
112.08.03 17:21 B E:\santonu Website\pazma\last\images\name.jpg --> ftp.webcomipl.net /demo/plazma/images name.jpg
112.08.03 17:21 B E:\santonu Website\pazma\last\images\news.jpg --> ftp.webcomipl.net /demo/plazma/images news.jpg
112.08.03 17:21 B E:\santonu Website\pazma\last\images\objective.jpg --> ftp.webcomipl.net /demo/plazma/images objective.jpg
112.08.03 17:22 B E:\santonu Website\pazma\last\images\objective_banner.jpg --> ftp.webcomipl.net /demo/plazma/images objective_banner.jpg
112.08.03 17:22 B E:\santonu Website\pazma\last\images\profile_head.jpg --> ftp.webcomipl.net /demo/plazma/images profile_head.jpg
112.08.03 17:22 B E:\santonu Website\pazma\last\images\publication.jpg --> ftp.webcomipl.net /demo/plazma/images publication.jpg
112.08.03 17:22 B E:\santonu Website\pazma\last\images\quick.jpg --> ftp.webcomipl.net /demo/plazma/images quick.jpg
112.08.03 17:22 B E:\santonu Website\pazma\last\images\sp.gif --> ftp.webcomipl.net /demo/plazma/images sp.gif
112.08.03 17:22 B E:\santonu Website\pazma\last\images\Thumbs.db --> ftp.webcomipl.net /demo/plazma/images Thumbs.db
112.08.03 17:22 B E:\santonu Website\pazma\last\images\tp.jpg --> ftp.webcomipl.net /demo/plazma/images tp.jpg
112.08.03 17:22 B E:\santonu Website\pazma\last\images\tsl_banner.jpg --> ftp.webcomipl.net /demo/plazma/images tsl_banner.jpg
